<?xml version="1.0" encoding="UTF-8"?>
<testsuite xmlns:xsi="http://www.w3.org/2001/XMLSchema-instance" xsi:noNamespaceSchemaLocation="https://maven.apache.org/surefire/maven-surefire-plugin/xsd/surefire-test-report-3.0.xsd" version="3.0" name="com.example.CalculatorTest" time="0.074" tests="4" errors="0" skipped="0" failures="0">
  <properties>
    <property name="java.specification.version" value="17"/>
    <property name="sun.cpu.isalist" value="amd64"/>
    <property name="sun.jnu.encoding" value="Cp1252"/>
    <property name="java.class.path" value="D:\maven_java_calculator\target\test-classes;D:\maven_java_calculator\target\classes;D:\apache-maven-3.9.8-bin\maven_repo\junit\junit\4.13.2\junit-4.13.2.jar;D:\apache-maven-3.9.8-bin\maven_repo\org\hamcrest\hamcrest-core\1.3\hamcrest-core-1.3.jar;D:\apache-maven-3.9.8-bin\maven_repo\org\sonarsource\scanner\maven\sonar-maven-plugin\4.0.0.4121\sonar-maven-plugin-4.0.0.4121.jar;D:\apache-maven-3.9.8-bin\maven_repo\org\sonatype\plexus\plexus-sec-dispatcher\1.4\plexus-sec-dispatcher-1.4.jar;D:\apache-maven-3.9.8-bin\maven_repo\org\sonatype\plexus\plexus-cipher\1.4\plexus-cipher-1.4.jar;D:\apache-maven-3.9.8-bin\maven_repo\org\sonarsource\scanner\api\sonar-scanner-api\2.16.3.1081\sonar-scanner-api-2.16.3.1081.jar;D:\apache-maven-3.9.8-bin\maven_repo\commons-lang\commons-lang\2.6\commons-lang-2.6.jar;D:\apache-maven-3.9.8-bin\maven_repo\org\jacoco\jacoco-maven-plugin\0.8.12\jacoco-maven-plugin-0.8.12.jar;D:\apache-maven-3.9.8-bin\maven_repo\org\codehaus\plexus\plexus-utils\3.0.24\plexus-utils-3.0.24.jar;D:\apache-maven-3.9.8-bin\maven_repo\org\apache\maven\shared\file-management\3.1.0\file-management-3.1.0.jar;D:\apache-maven-3.9.8-bin\maven_repo\org\slf4j\slf4j-api\1.7.36\slf4j-api-1.7.36.jar;D:\apache-maven-3.9.8-bin\maven_repo\commons-io\commons-io\2.11.0\commons-io-2.11.0.jar;D:\apache-maven-3.9.8-bin\maven_repo\org\apache\maven\reporting\maven-reporting-api\3.0\maven-reporting-api-3.0.jar;D:\apache-maven-3.9.8-bin\maven_repo\org\apache\maven\doxia\doxia-sink-api\1.0\doxia-sink-api-1.0.jar;D:\apache-maven-3.9.8-bin\maven_repo\org\jacoco\org.jacoco.agent\0.8.12\org.jacoco.agent-0.8.12-runtime.jar;D:\apache-maven-3.9.8-bin\maven_repo\org\jacoco\org.jacoco.core\0.8.12\org.jacoco.core-0.8.12.jar;D:\apache-maven-3.9.8-bin\maven_repo\org\ow2\asm\asm\9.7\asm-9.7.jar;D:\apache-maven-3.9.8-bin\maven_repo\org\ow2\asm\asm-commons\9.7\asm-commons-9.7.jar;D:\apache-maven-3.9.8-bin\maven_repo\org\ow2\asm\asm-tree\9.7\asm-tree-9.7.jar;D:\apache-maven-3.9.8-bin\maven_repo\org\jacoco\org.jacoco.report\0.8.12\org.jacoco.report-0.8.12.jar;"/>
    <property name="java.vm.vendor" value="Oracle Corporation"/>
    <property name="sun.arch.data.model" value="64"/>
    <property name="user.variant" value=""/>
    <property name="java.vendor.url" value="https://java.oracle.com/"/>
    <property name="user.timezone" value="Asia/Calcutta"/>
    <property name="os.name" value="Windows 11"/>
    <property name="java.vm.specification.version" value="17"/>
    <property name="sun.java.launcher" value="SUN_STANDARD"/>
    <property name="user.country" value="US"/>
    <property name="sun.boot.library.path" value="D:\Java17\bin"/>
    <property name="sun.java.command" value="C:\Users\User\AppData\Local\Temp\surefire16204692026262141010\surefirebooter-20240901162824151_3.jar C:\Users\User\AppData\Local\Temp\surefire16204692026262141010 2024-09-01T16-28-24_004-jvmRun1 surefire-20240901162824151_1tmp surefire_0-20240901162824151_2tmp"/>
    <property name="jdk.debug" value="release"/>
    <property name="surefire.test.class.path" value="D:\maven_java_calculator\target\test-classes;D:\maven_java_calculator\target\classes;D:\apache-maven-3.9.8-bin\maven_repo\junit\junit\4.13.2\junit-4.13.2.jar;D:\apache-maven-3.9.8-bin\maven_repo\org\hamcrest\hamcrest-core\1.3\hamcrest-core-1.3.jar;D:\apache-maven-3.9.8-bin\maven_repo\org\sonarsource\scanner\maven\sonar-maven-plugin\4.0.0.4121\sonar-maven-plugin-4.0.0.4121.jar;D:\apache-maven-3.9.8-bin\maven_repo\org\sonatype\plexus\plexus-sec-dispatcher\1.4\plexus-sec-dispatcher-1.4.jar;D:\apache-maven-3.9.8-bin\maven_repo\org\sonatype\plexus\plexus-cipher\1.4\plexus-cipher-1.4.jar;D:\apache-maven-3.9.8-bin\maven_repo\org\sonarsource\scanner\api\sonar-scanner-api\2.16.3.1081\sonar-scanner-api-2.16.3.1081.jar;D:\apache-maven-3.9.8-bin\maven_repo\commons-lang\commons-lang\2.6\commons-lang-2.6.jar;D:\apache-maven-3.9.8-bin\maven_repo\org\jacoco\jacoco-maven-plugin\0.8.12\jacoco-maven-plugin-0.8.12.jar;D:\apache-maven-3.9.8-bin\maven_repo\org\codehaus\plexus\plexus-utils\3.0.24\plexus-utils-3.0.24.jar;D:\apache-maven-3.9.8-bin\maven_repo\org\apache\maven\shared\file-management\3.1.0\file-management-3.1.0.jar;D:\apache-maven-3.9.8-bin\maven_repo\org\slf4j\slf4j-api\1.7.36\slf4j-api-1.7.36.jar;D:\apache-maven-3.9.8-bin\maven_repo\commons-io\commons-io\2.11.0\commons-io-2.11.0.jar;D:\apache-maven-3.9.8-bin\maven_repo\org\apache\maven\reporting\maven-reporting-api\3.0\maven-reporting-api-3.0.jar;D:\apache-maven-3.9.8-bin\maven_repo\org\apache\maven\doxia\doxia-sink-api\1.0\doxia-sink-api-1.0.jar;D:\apache-maven-3.9.8-bin\maven_repo\org\jacoco\org.jacoco.agent\0.8.12\org.jacoco.agent-0.8.12-runtime.jar;D:\apache-maven-3.9.8-bin\maven_repo\org\jacoco\org.jacoco.core\0.8.12\org.jacoco.core-0.8.12.jar;D:\apache-maven-3.9.8-bin\maven_repo\org\ow2\asm\asm\9.7\asm-9.7.jar;D:\apache-maven-3.9.8-bin\maven_repo\org\ow2\asm\asm-commons\9.7\asm-commons-9.7.jar;D:\apache-maven-3.9.8-bin\maven_repo\org\ow2\asm\asm-tree\9.7\asm-tree-9.7.jar;D:\apache-maven-3.9.8-bin\maven_repo\org\jacoco\org.jacoco.report\0.8.12\org.jacoco.report-0.8.12.jar;"/>
    <property name="sun.cpu.endian" value="little"/>
    <property name="user.home" value="C:\Users\User"/>
    <property name="user.language" value="en"/>
    <property name="java.specification.vendor" value="Oracle Corporation"/>
    <property name="java.version.date" value="2024-07-16"/>
    <property name="java.home" value="D:\Java17"/>
    <property name="file.separator" value="\"/>
    <property name="basedir" value="D:\maven_java_calculator"/>
    <property name="java.vm.compressedOopsMode" value="Zero based"/>
    <property name="line.separator" value="&#10;"/>
    <property name="java.vm.specification.vendor" value="Oracle Corporation"/>
    <property name="java.specification.name" value="Java Platform API Specification"/>
    <property name="surefire.real.class.path" value="C:\Users\User\AppData\Local\Temp\surefire16204692026262141010\surefirebooter-20240901162824151_3.jar"/>
    <property name="user.script" value=""/>
    <property name="sun.management.compiler" value="HotSpot 64-Bit Tiered Compilers"/>
    <property name="java.runtime.version" value="17.0.12+8-LTS-286"/>
    <property name="user.name" value="User"/>
    <property name="path.separator" value=";"/>
    <property name="os.version" value="10.0"/>
    <property name="java.runtime.name" value="Java(TM) SE Runtime Environment"/>
    <property name="file.encoding" value="Cp1252"/>
    <property name="java.vm.name" value="Java HotSpot(TM) 64-Bit Server VM"/>
    <property name="localRepository" value="D:\apache-maven-3.9.8-bin\maven_repo"/>
    <property name="java.vendor.url.bug" value="https://bugreport.java.com/bugreport/"/>
    <property name="java.io.tmpdir" value="C:\Users\User\AppData\Local\Temp\"/>
    <property name="java.version" value="17.0.12"/>
    <property name="user.dir" value="D:\maven_java_calculator"/>
    <property name="os.arch" value="amd64"/>
    <property name="java.vm.specification.name" value="Java Virtual Machine Specification"/>
    <property name="sun.os.patch.level" value=""/>
    <property name="native.encoding" value="Cp1252"/>
    <property name="java.library.path" value="D:\Java17\bin;C:\WINDOWS\Sun\Java\bin;C:\WINDOWS\system32;C:\WINDOWS;C:\Users\User\AppData\Local\Programs\Python\Python39\Scripts\;C:\Users\User\AppData\Local\Programs\Python\Python39\;C:\Program Files\Scripts\;C:\Program Files\;C:\WINDOWS\system32;C:\WINDOWS;C:\WINDOWS\System32\Wbem;C:\WINDOWS\System32\WindowsPowerShell\v1.0\;C:\WINDOWS\System32\OpenSSH\;C:\Program Files (x86)\Common Files\EMC\;C:\Program Files\Python39;C:\Users\User\AppData\Roaming\Python\Python39\Scripts;C:\Program Files (x86)\mingw-w64\i686-8.1.0-posix-dwarf-rt_v6-rev0\mingw32\bin;C:\ProgramData\chocolatey\bin;C:\Program Files (x86)\Common Files\Acronis\SnapAPI\;C:\Program Files\MongoDB\Server\5.0\bin;C:\Program Files\nodejs\;C:\Program Files\Git\cmd;D:\Java17\bin;D:\Java21\bin;D:\apache-maven-3.9.8-bin\apache-maven-3.9.8\bin;C:\Users\User\AppData\Local\Programs\Microsoft VS Code\bin;C:\Program Files\Python39;C:\Program Files\Python39\Scripts;C:\Program Files (x86)\mingw-w64\i686-8.1.0-posix-dwarf-rt_v6-rev0\mingw32\bin;C:\Program Files\AdvDevOps\Teraform;C:\Users\User\AppData\Local\Microsoft\WindowsApps;D:\Flutter\flutter_windows_2.8.1-stable\flutter\bin;D:\Java17\bin;D:\Java21\bin;C:\Program Files\Java\jre1.8.0_321\bin;C:\Program Files\Java\jdk1.8.0_321\bin;C:\Users\User\AppData\Roaming\npm;D:\apache-maven-3.9.8-bin\apache-maven-3.9.8\bin;;."/>
    <property name="java.vm.info" value="mixed mode, sharing"/>
    <property name="java.vendor" value="Oracle Corporation"/>
    <property name="java.vm.version" value="17.0.12+8-LTS-286"/>
    <property name="sun.io.unicode.encoding" value="UnicodeLittle"/>
    <property name="java.class.version" value="61.0"/>
  </properties>
  <testcase name="testAdd" classname="com.example.CalculatorTest" time="0.004"/>
  <testcase name="testSubtract" classname="com.example.CalculatorTest" time="0.0"/>
  <testcase name="testDivide" classname="com.example.CalculatorTest" time="0.0"/>
  <testcase name="testMultiply" classname="com.example.CalculatorTest" time="0.0"/>
</testsuite>